11:44:55.702 INFO - Launching a standalone Selenium Server
11:44:55.740 INFO - Java: Oracle Corporation 25.121-b13
11:44:55.740 INFO - OS: Linux 4.4.0-62-generic amd64
11:44:55.756 INFO - v2.53.1, with Core v2.53.1. Built from revision a36b8b1
11:44:55.836 INFO - Driver provider org.openqa.selenium.ie.InternetExplorerDriver registration is skipped:
registration capabilities Capabilities [{ensureCleanSession=true, browserName=internet explorer, version=, platform=WINDOWS}] does not match the current platform LINUX
11:44:55.837 INFO - Driver provider org.openqa.selenium.edge.EdgeDriver registration is skipped:
registration capabilities Capabilities [{browserName=MicrosoftEdge, version=, platform=WINDOWS}] does not match the current platform LINUX
11:44:55.837 INFO - Driver class not found: com.opera.core.systems.OperaDriver
11:44:55.837 INFO - Driver provider com.opera.core.systems.OperaDriver is not registered
11:44:55.839 INFO - Driver provider org.openqa.selenium.safari.SafariDriver registration is skipped:
registration capabilities Capabilities [{browserName=safari, version=, platform=MAC}] does not match the current platform LINUX
11:44:55.840 INFO - Driver class not found: org.openqa.selenium.htmlunit.HtmlUnitDriver
11:44:55.840 INFO - Driver provider org.openqa.selenium.htmlunit.HtmlUnitDriver is not registered
11:44:55.920 INFO - RemoteWebDriver instances should connect to: http://127.0.0.1:4444/wd/hub
11:44:55.920 INFO - Selenium Server is up and running
11:44:56.258 INFO - Executing: [new session: Capabilities [{acceptSslCerts=true, name=Login Tests, browserName=chrome, javascriptEnabled=true, platform=ANY}]])
11:44:56.271 INFO - Creating a new session for Capabilities [{acceptSslCerts=true, name=Login Tests, browserName=chrome, javascriptEnabled=true, platform=ANY}]
Starting ChromeDriver 2.27.440175 (9bc1d90b8bfa4dd181fbbf769a5eb5e575574320) on port 6128
Only local connections are allowed.
11:44:57.304 INFO - Done: [new session: Capabilities [{acceptSslCerts=true, name=Login Tests, browserName=chrome, javascriptEnabled=true, platform=ANY}]]
11:44:57.341 INFO - Executing: [get: http://nelisa123.projectcodex.co])
11:45:01.214 INFO - Done: [get: http://nelisa123.projectcodex.co]
11:45:01.226 INFO - Executing: [get title])
11:45:01.234 INFO - Done: [get title]
11:45:01.247 INFO - Executing: [find element: By.cssSelector: input[type=text]])
11:45:01.292 INFO - Done: [find element: By.cssSelector: input[type=text]]
11:45:01.299 INFO - Executing: [is displayed: 0 [[ChromeDriver: chrome on LINUX (63347f4e805a6d0dfbee3608561da37c)] -> css selector: input[type=text]]])
11:45:01.345 INFO - Done: [is displayed: 0 [[ChromeDriver: chrome on LINUX (63347f4e805a6d0dfbee3608561da37c)] -> css selector: input[type=text]]]
11:45:01.358 INFO - Executing: [find elements: By.cssSelector: body])
11:45:01.393 INFO - Done: [find elements: By.cssSelector: body]
11:45:01.398 INFO - Executing: [is displayed: 1 [[ChromeDriver: chrome on LINUX (63347f4e805a6d0dfbee3608561da37c)] -> css selector: body]])
11:45:01.424 INFO - Done: [is displayed: 1 [[ChromeDriver: chrome on LINUX (63347f4e805a6d0dfbee3608561da37c)] -> css selector: body]]
11:45:01.431 INFO - Executing: [find element: By.cssSelector: input[name=username]])
11:45:01.462 INFO - Done: [find element: By.cssSelector: input[name=username]]
11:45:01.466 INFO - Executing: [is displayed: 0 [[ChromeDriver: chrome on LINUX (63347f4e805a6d0dfbee3608561da37c)] -> css selector: input[type=text]]])
11:45:01.476 INFO - Done: [is displayed: 0 [[ChromeDriver: chrome on LINUX (63347f4e805a6d0dfbee3608561da37c)] -> css selector: input[type=text]]]
11:45:01.481 INFO - Executing: [find element: By.cssSelector: input[name=password]])
11:45:01.513 INFO - Done: [find element: By.cssSelector: input[name=password]]
11:45:01.519 INFO - Executing: [is displayed: 2 [[ChromeDriver: chrome on LINUX (63347f4e805a6d0dfbee3608561da37c)] -> css selector: input[name=password]]])
11:45:01.552 INFO - Done: [is displayed: 2 [[ChromeDriver: chrome on LINUX (63347f4e805a6d0dfbee3608561da37c)] -> css selector: input[name=password]]]
11:45:01.557 INFO - Executing: [find element: By.cssSelector: input[type=text]])
11:45:01.568 INFO - Done: [find element: By.cssSelector: input[type=text]]
11:45:01.574 INFO - Executing: [send keys: 0 [[ChromeDriver: chrome on LINUX (63347f4e805a6d0dfbee3608561da37c)] -> css selector: input[type=text]], [n, e, l, i, s]])
11:45:01.661 INFO - Done: [send keys: 0 [[ChromeDriver: chrome on LINUX (63347f4e805a6d0dfbee3608561da37c)] -> css selector: input[type=text]], [n, e, l, i, s]]
11:45:01.674 INFO - Executing: [find element: By.cssSelector: input[type=password]])
11:45:01.709 INFO - Done: [find element: By.cssSelector: input[type=password]]
11:45:01.719 INFO - Executing: [send keys: 2 [[ChromeDriver: chrome on LINUX (63347f4e805a6d0dfbee3608561da37c)] -> css selector: input[name=password]], [p, a, s]])
11:45:01.804 INFO - Done: [send keys: 2 [[ChromeDriver: chrome on LINUX (63347f4e805a6d0dfbee3608561da37c)] -> css selector: input[name=password]], [p, a, s]]
11:45:01.814 INFO - Executing: [find elements: By.cssSelector: button[class="btn btn-default-outline waves-effect glyphicon glyphicon-plus-sign"]])
11:45:01.853 INFO - Done: [find elements: By.cssSelector: button[class="btn btn-default-outline waves-effect glyphicon glyphicon-plus-sign"]]
11:45:01.860 INFO - Executing: [is displayed: 3 [[ChromeDriver: chrome on LINUX (63347f4e805a6d0dfbee3608561da37c)] -> css selector: button[class="btn btn-default-outline waves-effect glyphicon glyphicon-plus-sign"]]])
11:45:01.896 INFO - Done: [is displayed: 3 [[ChromeDriver: chrome on LINUX (63347f4e805a6d0dfbee3608561da37c)] -> css selector: button[class="btn btn-default-outline waves-effect glyphicon glyphicon-plus-sign"]]]
11:45:01.909 INFO - Executing: [find element: By.cssSelector: button[class="btn btn-default-outline waves-effect glyphicon glyphicon-plus-sign"]])
11:45:01.945 INFO - Done: [find element: By.cssSelector: button[class="btn btn-default-outline waves-effect glyphicon glyphicon-plus-sign"]]
11:45:01.955 INFO - Executing: [click: 3 [[ChromeDriver: chrome on LINUX (63347f4e805a6d0dfbee3608561da37c)] -> css selector: button[class="btn btn-default-outline waves-effect glyphicon glyphicon-plus-sign"]]])
11:45:04.579 INFO - Done: [click: 3 [[ChromeDriver: chrome on LINUX (63347f4e805a6d0dfbee3608561da37c)] -> css selector: button[class="btn btn-default-outline waves-effect glyphicon glyphicon-plus-sign"]]]
11:45:04.587 INFO - Executing: [find elements: By.cssSelector: h4[id="warning"]])
11:45:04.621 INFO - Done: [find elements: By.cssSelector: h4[id="warning"]]
11:45:04.629 INFO - Executing: [is displayed: 4 [[ChromeDriver: chrome on LINUX (63347f4e805a6d0dfbee3608561da37c)] -> css selector: h4[id="warning"]]])
11:45:04.659 INFO - Done: [is displayed: 4 [[ChromeDriver: chrome on LINUX (63347f4e805a6d0dfbee3608561da37c)] -> css selector: h4[id="warning"]]]
11:45:05.666 INFO - Executing: [delete session: 2502b361-0da4-44cc-88cc-14a532320a74])
11:45:05.741 INFO - Done: [delete session: 2502b361-0da4-44cc-88cc-14a532320a74]
11:45:05.759 INFO - Executing: [new session: Capabilities [{acceptSslCerts=true, name=Login Tests, browserName=chrome, javascriptEnabled=true, platform=ANY}]])
11:45:05.760 INFO - Creating a new session for Capabilities [{acceptSslCerts=true, name=Login Tests, browserName=chrome, javascriptEnabled=true, platform=ANY}]
Starting ChromeDriver 2.27.440175 (9bc1d90b8bfa4dd181fbbf769a5eb5e575574320) on port 10896
Only local connections are allowed.
11:45:06.222 INFO - Done: [new session: Capabilities [{acceptSslCerts=true, name=Login Tests, browserName=chrome, javascriptEnabled=true, platform=ANY}]]
11:45:06.234 INFO - Executing: [get: http://nelisa123.projectcodex.co/login])
11:45:10.107 INFO - Done: [get: http://nelisa123.projectcodex.co/login]
11:45:10.114 INFO - Executing: [find element: By.cssSelector: input[type=text]])
11:45:10.147 INFO - Done: [find element: By.cssSelector: input[type=text]]
11:45:10.154 INFO - Executing: [send keys: 0 [[ChromeDriver: chrome on LINUX (ac91e354a0e6f3158942fa76bedca5d3)] -> css selector: input[type=text]], [n, e, l, i, s, a]])
11:45:10.243 INFO - Done: [send keys: 0 [[ChromeDriver: chrome on LINUX (ac91e354a0e6f3158942fa76bedca5d3)] -> css selector: input[type=text]], [n, e, l, i, s, a]]
11:45:10.249 INFO - Executing: [find element: By.cssSelector: input[type=password]])
11:45:10.287 INFO - Done: [find element: By.cssSelector: input[type=password]]
11:45:10.298 INFO - Executing: [send keys: 1 [[ChromeDriver: chrome on LINUX (ac91e354a0e6f3158942fa76bedca5d3)] -> css selector: input[type=password]], [p, a, s, s]])
11:45:10.387 INFO - Done: [send keys: 1 [[ChromeDriver: chrome on LINUX (ac91e354a0e6f3158942fa76bedca5d3)] -> css selector: input[type=password]], [p, a, s, s]]
11:45:10.391 INFO - Executing: [find element: By.cssSelector: button[class="btn btn-default-outline waves-effect glyphicon glyphicon-plus-sign"]])
11:45:10.430 INFO - Done: [find element: By.cssSelector: button[class="btn btn-default-outline waves-effect glyphicon glyphicon-plus-sign"]]
11:45:10.443 INFO - Executing: [click: 2 [[ChromeDriver: chrome on LINUX (ac91e354a0e6f3158942fa76bedca5d3)] -> css selector: button[class="btn btn-default-outline waves-effect glyphicon glyphicon-plus-sign"]]])
11:45:10.545 INFO - Done: [click: 2 [[ChromeDriver: chrome on LINUX (ac91e354a0e6f3158942fa76bedca5d3)] -> css selector: button[class="btn btn-default-outline waves-effect glyphicon glyphicon-plus-sign"]]]
11:45:11.551 INFO - Executing: [delete session: 48dc3033-bdbf-4050-9fb9-e4e2296b17cf])
11:45:11.619 INFO - Done: [delete session: 48dc3033-bdbf-4050-9fb9-e4e2296b17cf]
11:45:11.626 INFO - Executing: [new session: Capabilities [{acceptSslCerts=true, name=Login Tests, browserName=chrome, javascriptEnabled=true, platform=ANY}]])
11:45:11.631 INFO - Creating a new session for Capabilities [{acceptSslCerts=true, name=Login Tests, browserName=chrome, javascriptEnabled=true, platform=ANY}]
Starting ChromeDriver 2.27.440175 (9bc1d90b8bfa4dd181fbbf769a5eb5e575574320) on port 27258
Only local connections are allowed.
11:45:12.183 INFO - Done: [new session: Capabilities [{acceptSslCerts=true, name=Login Tests, browserName=chrome, javascriptEnabled=true, platform=ANY}]]
11:45:12.199 INFO - Executing: [get: http://nelisa123.projectcodex.co/login])
11:45:15.985 INFO - Done: [get: http://nelisa123.projectcodex.co/login]
11:45:15.991 INFO - Executing: [find element: By.cssSelector: input[type=text]])
11:45:16.026 INFO - Done: [find element: By.cssSelector: input[type=text]]
11:45:16.030 INFO - Executing: [send keys: 0 [[ChromeDriver: chrome on LINUX (9ef8aad1815655caae534afeedeb2231)] -> css selector: input[type=text]], [n, n, n, n, n, e, e, e, e, e, l, l, l, l, l, i, i, i, i, i, s, s, s, s, s, a, a, a, a, a]])
11:45:16.160 INFO - Done: [send keys: 0 [[ChromeDriver: chrome on LINUX (9ef8aad1815655caae534afeedeb2231)] -> css selector: input[type=text]], [n, n, n, n, n, e, e, e, e, e, l, l, l, l, l, i, i, i, i, i, s, s, s, s, s, a, a, a, a, a]]
11:45:16.168 INFO - Executing: [find element: By.cssSelector: input[type=password]])
11:45:16.213 INFO - Done: [find element: By.cssSelector: input[type=password]]
11:45:16.220 INFO - Executing: [send keys: 1 [[ChromeDriver: chrome on LINUX (9ef8aad1815655caae534afeedeb2231)] -> css selector: input[type=password]], [p, p, p, p, p, a, a, a, a, a, s, s, s, s, s, s, s, s, s, s, s]])
11:45:16.343 INFO - Done: [send keys: 1 [[ChromeDriver: chrome on LINUX (9ef8aad1815655caae534afeedeb2231)] -> css selector: input[type=password]], [p, p, p, p, p, a, a, a, a, a, s, s, s, s, s, s, s, s, s, s, s]]
11:45:16.349 INFO - Executing: [find element: By.cssSelector: button[class="btn btn-default-outline waves-effect glyphicon glyphicon-plus-sign"]])
11:45:16.386 INFO - Done: [find element: By.cssSelector: button[class="btn btn-default-outline waves-effect glyphicon glyphicon-plus-sign"]]
11:45:16.390 INFO - Executing: [click: 2 [[ChromeDriver: chrome on LINUX (9ef8aad1815655caae534afeedeb2231)] -> css selector: button[class="btn btn-default-outline waves-effect glyphicon glyphicon-plus-sign"]]])
11:45:18.969 INFO - Done: [click: 2 [[ChromeDriver: chrome on LINUX (9ef8aad1815655caae534afeedeb2231)] -> css selector: button[class="btn btn-default-outline waves-effect glyphicon glyphicon-plus-sign"]]]
11:45:19.975 INFO - Executing: [delete session: 329f6b4c-e6c3-4f14-84b5-c8e0787b8db6])
11:45:20.045 INFO - Done: [delete session: 329f6b4c-e6c3-4f14-84b5-c8e0787b8db6]
11:45:20.052 INFO - Executing: [new session: Capabilities [{acceptSslCerts=true, name=Login Tests, browserName=chrome, javascriptEnabled=true, platform=ANY}]])
11:45:20.053 INFO - Creating a new session for Capabilities [{acceptSslCerts=true, name=Login Tests, browserName=chrome, javascriptEnabled=true, platform=ANY}]
Starting ChromeDriver 2.27.440175 (9bc1d90b8bfa4dd181fbbf769a5eb5e575574320) on port 29729
Only local connections are allowed.
11:45:20.570 INFO - Done: [new session: Capabilities [{acceptSslCerts=true, name=Login Tests, browserName=chrome, javascriptEnabled=true, platform=ANY}]]
11:45:20.589 INFO - Executing: [get: http://nelisa123.projectcodex.co/login])
11:45:24.290 INFO - Done: [get: http://nelisa123.projectcodex.co/login]
11:45:24.297 INFO - Executing: [find element: By.cssSelector: input[type=password]])
11:45:24.331 INFO - Done: [find element: By.cssSelector: input[type=password]]
11:45:24.336 INFO - Executing: [send keys: 0 [[ChromeDriver: chrome on LINUX (6dd5de77382344c577427bea83b80030)] -> css selector: input[type=password]], [p, a, s, s]])
11:45:24.415 INFO - Done: [send keys: 0 [[ChromeDriver: chrome on LINUX (6dd5de77382344c577427bea83b80030)] -> css selector: input[type=password]], [p, a, s, s]]
11:45:24.420 INFO - Executing: [find element: By.cssSelector: button[class="btn btn-default-outline waves-effect glyphicon glyphicon-plus-sign"]])
11:45:24.459 INFO - Done: [find element: By.cssSelector: button[class="btn btn-default-outline waves-effect glyphicon glyphicon-plus-sign"]]
11:45:24.464 INFO - Executing: [click: 1 [[ChromeDriver: chrome on LINUX (6dd5de77382344c577427bea83b80030)] -> css selector: button[class="btn btn-default-outline waves-effect glyphicon glyphicon-plus-sign"]]])
11:45:24.576 INFO - Done: [click: 1 [[ChromeDriver: chrome on LINUX (6dd5de77382344c577427bea83b80030)] -> css selector: button[class="btn btn-default-outline waves-effect glyphicon glyphicon-plus-sign"]]]
11:45:24.582 INFO - Executing: [find elements: By.cssSelector: h4[id="warning"]])
11:45:27.322 INFO - Done: [find elements: By.cssSelector: h4[id="warning"]]
11:45:27.325 INFO - Executing: [is displayed: 2 [[ChromeDriver: chrome on LINUX (6dd5de77382344c577427bea83b80030)] -> css selector: h4[id="warning"]]])
11:45:27.359 INFO - Done: [is displayed: 2 [[ChromeDriver: chrome on LINUX (6dd5de77382344c577427bea83b80030)] -> css selector: h4[id="warning"]]]
11:45:28.366 INFO - Executing: [delete session: f493e6f6-c302-464d-b239-9739d1df6538])
11:45:28.433 INFO - Done: [delete session: f493e6f6-c302-464d-b239-9739d1df6538]
11:45:28.440 INFO - Executing: [new session: Capabilities [{acceptSslCerts=true, name=Login Tests, browserName=chrome, javascriptEnabled=true, platform=ANY}]])
11:45:28.441 INFO - Creating a new session for Capabilities [{acceptSslCerts=true, name=Login Tests, browserName=chrome, javascriptEnabled=true, platform=ANY}]
Starting ChromeDriver 2.27.440175 (9bc1d90b8bfa4dd181fbbf769a5eb5e575574320) on port 18711
Only local connections are allowed.
11:45:28.956 INFO - Done: [new session: Capabilities [{acceptSslCerts=true, name=Login Tests, browserName=chrome, javascriptEnabled=true, platform=ANY}]]
11:45:28.965 INFO - Executing: [get: http://nelisa123.projectcodex.co/login])
11:45:32.845 INFO - Done: [get: http://nelisa123.projectcodex.co/login]
11:45:32.852 INFO - Executing: [find element: By.cssSelector: input[type=text]])
11:45:32.892 INFO - Done: [find element: By.cssSelector: input[type=text]]
11:45:32.896 INFO - Executing: [send keys: 0 [[ChromeDriver: chrome on LINUX (22b1e6b26d2530e6a06bdfa9c45a2282)] -> css selector: input[type=text]], [n, e, l, i, s, a]])
11:45:32.983 INFO - Done: [send keys: 0 [[ChromeDriver: chrome on LINUX (22b1e6b26d2530e6a06bdfa9c45a2282)] -> css selector: input[type=text]], [n, e, l, i, s, a]]
11:45:32.989 INFO - Executing: [find element: By.cssSelector: button[class="btn btn-default-outline waves-effect glyphicon glyphicon-plus-sign"]])
11:45:33.025 INFO - Done: [find element: By.cssSelector: button[class="btn btn-default-outline waves-effect glyphicon glyphicon-plus-sign"]]
11:45:33.030 INFO - Executing: [click: 1 [[ChromeDriver: chrome on LINUX (22b1e6b26d2530e6a06bdfa9c45a2282)] -> css selector: button[class="btn btn-default-outline waves-effect glyphicon glyphicon-plus-sign"]]])
11:45:35.520 INFO - Done: [click: 1 [[ChromeDriver: chrome on LINUX (22b1e6b26d2530e6a06bdfa9c45a2282)] -> css selector: button[class="btn btn-default-outline waves-effect glyphicon glyphicon-plus-sign"]]]
11:45:35.527 INFO - Executing: [find elements: By.cssSelector: h4[id="warning"]])
11:45:35.560 INFO - Done: [find elements: By.cssSelector: h4[id="warning"]]
11:45:35.563 INFO - Executing: [is displayed: 2 [[ChromeDriver: chrome on LINUX (22b1e6b26d2530e6a06bdfa9c45a2282)] -> css selector: h4[id="warning"]]])
11:45:35.591 INFO - Done: [is displayed: 2 [[ChromeDriver: chrome on LINUX (22b1e6b26d2530e6a06bdfa9c45a2282)] -> css selector: h4[id="warning"]]]
11:45:36.095 INFO - Executing: [is displayed: 2 [[ChromeDriver: chrome on LINUX (22b1e6b26d2530e6a06bdfa9c45a2282)] -> css selector: h4[id="warning"]]])
11:45:36.108 INFO - Done: [is displayed: 2 [[ChromeDriver: chrome on LINUX (22b1e6b26d2530e6a06bdfa9c45a2282)] -> css selector: h4[id="warning"]]]
11:45:36.612 INFO - Executing: [is displayed: 2 [[ChromeDriver: chrome on LINUX (22b1e6b26d2530e6a06bdfa9c45a2282)] -> css selector: h4[id="warning"]]])
11:45:36.627 INFO - Done: [is displayed: 2 [[ChromeDriver: chrome on LINUX (22b1e6b26d2530e6a06bdfa9c45a2282)] -> css selector: h4[id="warning"]]]
11:45:36.632 INFO - Executing: [delete session: 3a07a656-d1f3-43bf-a65c-790cf9f78d24])
11:45:36.703 INFO - Done: [delete session: 3a07a656-d1f3-43bf-a65c-790cf9f78d24]
11:45:36.752 INFO - Executing: [new session: Capabilities [{acceptSslCerts=true, name=Sign Up Command Object, browserName=chrome, javascriptEnabled=true, platform=ANY}]])
11:45:36.753 INFO - Creating a new session for Capabilities [{acceptSslCerts=true, name=Sign Up Command Object, browserName=chrome, javascriptEnabled=true, platform=ANY}]
Starting ChromeDriver 2.27.440175 (9bc1d90b8bfa4dd181fbbf769a5eb5e575574320) on port 26264
Only local connections are allowed.
11:45:37.233 INFO - Done: [new session: Capabilities [{acceptSslCerts=true, name=Sign Up Command Object, browserName=chrome, javascriptEnabled=true, platform=ANY}]]
11:45:37.238 INFO - Executing: [get: http://nelisa123.projectcodex.co/signup])
11:45:41.175 INFO - Done: [get: http://nelisa123.projectcodex.co/signup]
11:45:41.183 INFO - Executing: [find elements: By.cssSelector: body])
11:45:41.229 INFO - Done: [find elements: By.cssSelector: body]
11:45:41.235 INFO - Executing: [is displayed: 0 [[ChromeDriver: chrome on LINUX (7ce79ec5a0a50080cf94b0cbf1806be1)] -> css selector: body]])
11:45:41.266 INFO - Done: [is displayed: 0 [[ChromeDriver: chrome on LINUX (7ce79ec5a0a50080cf94b0cbf1806be1)] -> css selector: body]]
11:45:41.274 INFO - Executing: [find element: By.cssSelector: input[name=username]])
11:45:41.302 INFO - Done: [find element: By.cssSelector: input[name=username]]
11:45:41.310 INFO - Executing: [is displayed: 1 [[ChromeDriver: chrome on LINUX (7ce79ec5a0a50080cf94b0cbf1806be1)] -> css selector: input[name=username]]])
11:45:41.339 INFO - Done: [is displayed: 1 [[ChromeDriver: chrome on LINUX (7ce79ec5a0a50080cf94b0cbf1806be1)] -> css selector: input[name=username]]]
11:45:41.344 INFO - Executing: [find element: By.cssSelector: input[name=email]])
11:45:41.373 INFO - Done: [find element: By.cssSelector: input[name=email]]
11:45:41.376 INFO - Executing: [is displayed: 2 [[ChromeDriver: chrome on LINUX (7ce79ec5a0a50080cf94b0cbf1806be1)] -> css selector: input[name=email]]])
11:45:41.405 INFO - Done: [is displayed: 2 [[ChromeDriver: chrome on LINUX (7ce79ec5a0a50080cf94b0cbf1806be1)] -> css selector: input[name=email]]]
11:45:41.410 INFO - Executing: [find element: By.cssSelector: input[name=password]])
11:45:41.441 INFO - Done: [find element: By.cssSelector: input[name=password]]
11:45:41.443 INFO - Executing: [is displayed: 3 [[ChromeDriver: chrome on LINUX (7ce79ec5a0a50080cf94b0cbf1806be1)] -> css selector: input[name=password]]])
11:45:41.478 INFO - Done: [is displayed: 3 [[ChromeDriver: chrome on LINUX (7ce79ec5a0a50080cf94b0cbf1806be1)] -> css selector: input[name=password]]]
11:45:41.482 INFO - Executing: [find element: By.cssSelector: input[name=confirmPassword]])
11:45:41.512 INFO - Done: [find element: By.cssSelector: input[name=confirmPassword]]
11:45:41.515 INFO - Executing: [is displayed: 4 [[ChromeDriver: chrome on LINUX (7ce79ec5a0a50080cf94b0cbf1806be1)] -> css selector: input[name=confirmPassword]]])
11:45:41.549 INFO - Done: [is displayed: 4 [[ChromeDriver: chrome on LINUX (7ce79ec5a0a50080cf94b0cbf1806be1)] -> css selector: input[name=confirmPassword]]]
11:45:41.555 INFO - Executing: [find element: By.cssSelector: button[type=submit]])
11:45:41.584 INFO - Done: [find element: By.cssSelector: button[type=submit]]
11:45:41.588 INFO - Executing: [is displayed: 5 [[ChromeDriver: chrome on LINUX (7ce79ec5a0a50080cf94b0cbf1806be1)] -> css selector: button[type=submit]]])
11:45:41.620 INFO - Done: [is displayed: 5 [[ChromeDriver: chrome on LINUX (7ce79ec5a0a50080cf94b0cbf1806be1)] -> css selector: button[type=submit]]]
11:45:41.624 INFO - Executing: [find elements: By.cssSelector: id="warning"])
11:45:42.455 WARN - Exception thrown
org.openqa.selenium.InvalidSelectorException: invalid selector: An invalid or illegal selector was specified
  (Session info: chrome=56.0.2924.87)
  (Driver info: chromedriver=2.27.440175 (9bc1d90b8bfa4dd181fbbf769a5eb5e575574320),platform=Linux 4.4.0-62-generic x86_64) (WARNING: The server did not provide any stacktrace information)
Command duration or timeout: 34 milliseconds
For documentation on this error, please visit: http://seleniumhq.org/exceptions/invalid_selector_exception.html
Build info: version: '2.53.1', revision: 'a36b8b1', time: '2016-06-30 17:37:03'
System info: host: 'codexadmin-Inspiron-3542', ip: '127.0.1.1', os.name: 'Linux', os.arch: 'amd64', os.version: '4.4.0-62-generic', java.version: '1.8.0_121'
Driver info: org.openqa.selenium.chrome.ChromeDriver
Capabilities [{applicationCacheEnabled=false, rotatable=false, mobileEmulationEnabled=false, networkConnectionEnabled=false, chrome={chromedriverVersion=2.27.440175 (9bc1d90b8bfa4dd181fbbf769a5eb5e575574320), userDataDir=/tmp/.org.chromium.Chromium.plmy8A}, takesHeapSnapshot=true, pageLoadStrategy=normal, databaseEnabled=false, handlesAlerts=true, hasTouchScreen=false, version=56.0.2924.87, platform=LINUX, browserConnectionEnabled=false, nativeEvents=true, acceptSslCerts=true, locationContextEnabled=true, webStorageEnabled=true, browserName=chrome, takesScreenshot=true, javascriptEnabled=true, cssSelectorsEnabled=true, unexpectedAlertBehaviour=}]
Session ID: 7ce79ec5a0a50080cf94b0cbf1806be1
*** Element info: {Using=css selector, value=id="warning"}
	at sun.reflect.NativeConstructorAccessorImpl.newInstance0(Native Method)
	at sun.reflect.NativeConstructorAccessorImpl.newInstance(NativeConstructorAccessorImpl.java:62)
	at sun.reflect.DelegatingConstructorAccessorImpl.newInstance(DelegatingConstructorAccessorImpl.java:45)
	at java.lang.reflect.Constructor.newInstance(Constructor.java:423)
	at org.openqa.selenium.remote.ErrorHandler.createThrowable(ErrorHandler.java:206)
	at org.openqa.selenium.remote.ErrorHandler.throwIfResponseFailed(ErrorHandler.java:158)
	at org.openqa.selenium.remote.RemoteWebDriver.execute(RemoteWebDriver.java:678)
	at org.openqa.selenium.remote.RemoteWebDriver.findElements(RemoteWebDriver.java:388)
	at org.openqa.selenium.remote.RemoteWebDriver.findElementsByCssSelector(RemoteWebDriver.java:496)
	at org.openqa.selenium.By$ByCssSelector.findElements(By.java:441)
	at org.openqa.selenium.remote.RemoteWebDriver.findElements(RemoteWebDriver.java:351)
	at sun.reflect.NativeMethodAccessorImpl.invoke0(Native Method)
	at sun.reflect.NativeMethodAccessorImpl.invoke(NativeMethodAccessorImpl.java:62)
	at sun.reflect.DelegatingMethodAccessorImpl.invoke(DelegatingMethodAccessorImpl.java:43)
	at java.lang.reflect.Method.invoke(Method.java:498)
	at org.openqa.selenium.support.events.EventFiringWebDriver$2.invoke(EventFiringWebDriver.java:103)
	at com.sun.proxy.$Proxy1.findElements(Unknown Source)
	at org.openqa.selenium.support.events.EventFiringWebDriver.findElements(EventFiringWebDriver.java:177)
	at org.openqa.selenium.remote.server.handler.FindElements.call(FindElements.java:50)
	at org.openqa.selenium.remote.server.handler.FindElements.call(FindElements.java:1)
	at java.util.concurrent.FutureTask.run(FutureTask.java:266)
	at org.openqa.selenium.remote.server.DefaultSession$1.run(DefaultSession.java:176)
	at java.util.concurrent.ThreadPoolExecutor.runWorker(ThreadPoolExecutor.java:1142)
	at java.util.concurrent.ThreadPoolExecutor$Worker.run(ThreadPoolExecutor.java:617)
	at java.lang.Thread.run(Thread.java:745)
11:45:42.457 WARN - Exception: invalid selector: An invalid or illegal selector was specified
  (Session info: chrome=56.0.2924.87)
  (Driver info: chromedriver=2.27.440175 (9bc1d90b8bfa4dd181fbbf769a5eb5e575574320),platform=Linux 4.4.0-62-generic x86_64) (WARNING: The server did not provide any stacktrace information)
Command duration or timeout: 34 milliseconds
For documentation on this error, please visit: http://seleniumhq.org/exceptions/invalid_selector_exception.html
Build info: version: '2.53.1', revision: 'a36b8b1', time: '2016-06-30 17:37:03'
System info: host: 'codexadmin-Inspiron-3542', ip: '127.0.1.1', os.name: 'Linux', os.arch: 'amd64', os.version: '4.4.0-62-generic', java.version: '1.8.0_121'
Driver info: org.openqa.selenium.chrome.ChromeDriver
Capabilities [{applicationCacheEnabled=false, rotatable=false, mobileEmulationEnabled=false, networkConnectionEnabled=false, chrome={chromedriverVersion=2.27.440175 (9bc1d90b8bfa4dd181fbbf769a5eb5e575574320), userDataDir=/tmp/.org.chromium.Chromium.plmy8A}, takesHeapSnapshot=true, pageLoadStrategy=normal, databaseEnabled=false, handlesAlerts=true, hasTouchScreen=false, version=56.0.2924.87, platform=LINUX, browserConnectionEnabled=false, nativeEvents=true, acceptSslCerts=true, locationContextEnabled=true, webStorageEnabled=true, browserName=chrome, takesScreenshot=true, javascriptEnabled=true, cssSelectorsEnabled=true, unexpectedAlertBehaviour=}]
Session ID: 7ce79ec5a0a50080cf94b0cbf1806be1
*** Element info: {Using=css selector, value=id="warning"}
11:45:42.699 INFO - Executing: [delete session: 116f1e15-6bed-4df4-832d-39d9b64b4adf])
11:45:42.768 INFO - Done: [delete session: 116f1e15-6bed-4df4-832d-39d9b64b4adf]
11:45:42.793 INFO - Executing: [new session: Capabilities [{acceptSslCerts=true, name=Sign Up Command Object, browserName=chrome, javascriptEnabled=true, platform=ANY}]])
11:45:42.794 INFO - Creating a new session for Capabilities [{acceptSslCerts=true, name=Sign Up Command Object, browserName=chrome, javascriptEnabled=true, platform=ANY}]
Starting ChromeDriver 2.27.440175 (9bc1d90b8bfa4dd181fbbf769a5eb5e575574320) on port 2646
Only local connections are allowed.
11:45:43.318 INFO - Done: [new session: Capabilities [{acceptSslCerts=true, name=Sign Up Command Object, browserName=chrome, javascriptEnabled=true, platform=ANY}]]
11:45:43.325 INFO - Executing: [get: http://nelisa123.projectcodex.co/signup])
11:45:47.997 INFO - Done: [get: http://nelisa123.projectcodex.co/signup]
11:45:48.003 INFO - Executing: [find element: By.cssSelector: button[type=submit]])
11:45:48.038 INFO - Done: [find element: By.cssSelector: button[type=submit]]
11:45:48.041 INFO - Executing: [is displayed: 0 [[ChromeDriver: chrome on LINUX (552ba9b1a8a16f168e9ddcdc239dd101)] -> css selector: button[type=submit]]])
11:45:48.071 INFO - Done: [is displayed: 0 [[ChromeDriver: chrome on LINUX (552ba9b1a8a16f168e9ddcdc239dd101)] -> css selector: button[type=submit]]]
11:45:48.076 INFO - Executing: [find element: By.cssSelector: button[type=submit]])
11:45:48.086 INFO - Done: [find element: By.cssSelector: button[type=submit]]
11:45:48.088 INFO - Executing: [click: 0 [[ChromeDriver: chrome on LINUX (552ba9b1a8a16f168e9ddcdc239dd101)] -> css selector: button[type=submit]]])
11:45:50.644 INFO - Done: [click: 0 [[ChromeDriver: chrome on LINUX (552ba9b1a8a16f168e9ddcdc239dd101)] -> css selector: button[type=submit]]]
11:45:50.651 INFO - Executing: [find element: By.cssSelector: id="warning"])
11:45:51.336 WARN - Exception thrown
org.openqa.selenium.InvalidSelectorException: invalid selector: An invalid or illegal selector was specified
  (Session info: chrome=56.0.2924.87)
  (Driver info: chromedriver=2.27.440175 (9bc1d90b8bfa4dd181fbbf769a5eb5e575574320),platform=Linux 4.4.0-62-generic x86_64) (WARNING: The server did not provide any stacktrace information)
Command duration or timeout: 34 milliseconds
For documentation on this error, please visit: http://seleniumhq.org/exceptions/invalid_selector_exception.html
Build info: version: '2.53.1', revision: 'a36b8b1', time: '2016-06-30 17:37:03'
System info: host: 'codexadmin-Inspiron-3542', ip: '127.0.1.1', os.name: 'Linux', os.arch: 'amd64', os.version: '4.4.0-62-generic', java.version: '1.8.0_121'
Driver info: org.openqa.selenium.chrome.ChromeDriver
Capabilities [{applicationCacheEnabled=false, rotatable=false, mobileEmulationEnabled=false, networkConnectionEnabled=false, chrome={chromedriverVersion=2.27.440175 (9bc1d90b8bfa4dd181fbbf769a5eb5e575574320), userDataDir=/tmp/.org.chromium.Chromium.yTNj7T}, takesHeapSnapshot=true, pageLoadStrategy=normal, databaseEnabled=false, handlesAlerts=true, hasTouchScreen=false, version=56.0.2924.87, platform=LINUX, browserConnectionEnabled=false, nativeEvents=true, acceptSslCerts=true, locationContextEnabled=true, webStorageEnabled=true, browserName=chrome, takesScreenshot=true, javascriptEnabled=true, cssSelectorsEnabled=true, unexpectedAlertBehaviour=}]
Session ID: 552ba9b1a8a16f168e9ddcdc239dd101
*** Element info: {Using=css selector, value=id="warning"}
	at sun.reflect.NativeConstructorAccessorImpl.newInstance0(Native Method)
	at sun.reflect.NativeConstructorAccessorImpl.newInstance(NativeConstructorAccessorImpl.java:62)
	at sun.reflect.DelegatingConstructorAccessorImpl.newInstance(DelegatingConstructorAccessorImpl.java:45)
	at java.lang.reflect.Constructor.newInstance(Constructor.java:423)
	at org.openqa.selenium.remote.ErrorHandler.createThrowable(ErrorHandler.java:206)
	at org.openqa.selenium.remote.ErrorHandler.throwIfResponseFailed(ErrorHandler.java:158)
	at org.openqa.selenium.remote.RemoteWebDriver.execute(RemoteWebDriver.java:678)
	at org.openqa.selenium.remote.RemoteWebDriver.findElement(RemoteWebDriver.java:363)
	at org.openqa.selenium.remote.RemoteWebDriver.findElementByCssSelector(RemoteWebDriver.java:492)
	at org.openqa.selenium.By$ByCssSelector.findElement(By.java:430)
	at org.openqa.selenium.remote.RemoteWebDriver.findElement(RemoteWebDriver.java:355)
	at sun.reflect.GeneratedMethodAccessor11.invoke(Unknown Source)
	at sun.reflect.DelegatingMethodAccessorImpl.invoke(DelegatingMethodAccessorImpl.java:43)
	at java.lang.reflect.Method.invoke(Method.java:498)
	at org.openqa.selenium.support.events.EventFiringWebDriver$2.invoke(EventFiringWebDriver.java:103)
	at com.sun.proxy.$Proxy1.findElement(Unknown Source)
	at org.openqa.selenium.support.events.EventFiringWebDriver.findElement(EventFiringWebDriver.java:188)
	at org.openqa.selenium.remote.server.handler.FindElement.call(FindElement.java:48)
	at org.openqa.selenium.remote.server.handler.FindElement.call(FindElement.java:1)
	at java.util.concurrent.FutureTask.run(FutureTask.java:266)
	at org.openqa.selenium.remote.server.DefaultSession$1.run(DefaultSession.java:176)
	at java.util.concurrent.ThreadPoolExecutor.runWorker(ThreadPoolExecutor.java:1142)
	at java.util.concurrent.ThreadPoolExecutor$Worker.run(ThreadPoolExecutor.java:617)
	at java.lang.Thread.run(Thread.java:745)
11:45:51.337 WARN - Exception: invalid selector: An invalid or illegal selector was specified
  (Session info: chrome=56.0.2924.87)
  (Driver info: chromedriver=2.27.440175 (9bc1d90b8bfa4dd181fbbf769a5eb5e575574320),platform=Linux 4.4.0-62-generic x86_64) (WARNING: The server did not provide any stacktrace information)
Command duration or timeout: 34 milliseconds
For documentation on this error, please visit: http://seleniumhq.org/exceptions/invalid_selector_exception.html
Build info: version: '2.53.1', revision: 'a36b8b1', time: '2016-06-30 17:37:03'
System info: host: 'codexadmin-Inspiron-3542', ip: '127.0.1.1', os.name: 'Linux', os.arch: 'amd64', os.version: '4.4.0-62-generic', java.version: '1.8.0_121'
Driver info: org.openqa.selenium.chrome.ChromeDriver
Capabilities [{applicationCacheEnabled=false, rotatable=false, mobileEmulationEnabled=false, networkConnectionEnabled=false, chrome={chromedriverVersion=2.27.440175 (9bc1d90b8bfa4dd181fbbf769a5eb5e575574320), userDataDir=/tmp/.org.chromium.Chromium.yTNj7T}, takesHeapSnapshot=true, pageLoadStrategy=normal, databaseEnabled=false, handlesAlerts=true, hasTouchScreen=false, version=56.0.2924.87, platform=LINUX, browserConnectionEnabled=false, nativeEvents=true, acceptSslCerts=true, locationContextEnabled=true, webStorageEnabled=true, browserName=chrome, takesScreenshot=true, javascriptEnabled=true, cssSelectorsEnabled=true, unexpectedAlertBehaviour=}]
Session ID: 552ba9b1a8a16f168e9ddcdc239dd101
*** Element info: {Using=css selector, value=id="warning"}
11:45:51.618 INFO - Executing: [find element: By.cssSelector: id="warning"])
11:45:52.285 WARN - Exception thrown
org.openqa.selenium.InvalidSelectorException: invalid selector: An invalid or illegal selector was specified
  (Session info: chrome=56.0.2924.87)
  (Driver info: chromedriver=2.27.440175 (9bc1d90b8bfa4dd181fbbf769a5eb5e575574320),platform=Linux 4.4.0-62-generic x86_64) (WARNING: The server did not provide any stacktrace information)
Command duration or timeout: 14 milliseconds
For documentation on this error, please visit: http://seleniumhq.org/exceptions/invalid_selector_exception.html
Build info: version: '2.53.1', revision: 'a36b8b1', time: '2016-06-30 17:37:03'
System info: host: 'codexadmin-Inspiron-3542', ip: '127.0.1.1', os.name: 'Linux', os.arch: 'amd64', os.version: '4.4.0-62-generic', java.version: '1.8.0_121'
Driver info: org.openqa.selenium.chrome.ChromeDriver
Capabilities [{applicationCacheEnabled=false, rotatable=false, mobileEmulationEnabled=false, networkConnectionEnabled=false, chrome={chromedriverVersion=2.27.440175 (9bc1d90b8bfa4dd181fbbf769a5eb5e575574320), userDataDir=/tmp/.org.chromium.Chromium.yTNj7T}, takesHeapSnapshot=true, pageLoadStrategy=normal, databaseEnabled=false, handlesAlerts=true, hasTouchScreen=false, version=56.0.2924.87, platform=LINUX, browserConnectionEnabled=false, nativeEvents=true, acceptSslCerts=true, locationContextEnabled=true, webStorageEnabled=true, browserName=chrome, takesScreenshot=true, javascriptEnabled=true, cssSelectorsEnabled=true, unexpectedAlertBehaviour=}]
Session ID: 552ba9b1a8a16f168e9ddcdc239dd101
*** Element info: {Using=css selector, value=id="warning"}
	at sun.reflect.NativeConstructorAccessorImpl.newInstance0(Native Method)
	at sun.reflect.NativeConstructorAccessorImpl.newInstance(NativeConstructorAccessorImpl.java:62)
	at sun.reflect.DelegatingConstructorAccessorImpl.newInstance(DelegatingConstructorAccessorImpl.java:45)
	at java.lang.reflect.Constructor.newInstance(Constructor.java:423)
	at org.openqa.selenium.remote.ErrorHandler.createThrowable(ErrorHandler.java:206)
	at org.openqa.selenium.remote.ErrorHandler.throwIfResponseFailed(ErrorHandler.java:158)
	at org.openqa.selenium.remote.RemoteWebDriver.execute(RemoteWebDriver.java:678)
	at org.openqa.selenium.remote.RemoteWebDriver.findElement(RemoteWebDriver.java:363)
	at org.openqa.selenium.remote.RemoteWebDriver.findElementByCssSelector(RemoteWebDriver.java:492)
	at org.openqa.selenium.By$ByCssSelector.findElement(By.java:430)
	at org.openqa.selenium.remote.RemoteWebDriver.findElement(RemoteWebDriver.java:355)
	at sun.reflect.GeneratedMethodAccessor11.invoke(Unknown Source)
	at sun.reflect.DelegatingMethodAccessorImpl.invoke(DelegatingMethodAccessorImpl.java:43)
	at java.lang.reflect.Method.invoke(Method.java:498)
	at org.openqa.selenium.support.events.EventFiringWebDriver$2.invoke(EventFiringWebDriver.java:103)
	at com.sun.proxy.$Proxy1.findElement(Unknown Source)
	at org.openqa.selenium.support.events.EventFiringWebDriver.findElement(EventFiringWebDriver.java:188)
	at org.openqa.selenium.remote.server.handler.FindElement.call(FindElement.java:48)
	at org.openqa.selenium.remote.server.handler.FindElement.call(FindElement.java:1)
	at java.util.concurrent.FutureTask.run(FutureTask.java:266)
	at org.openqa.selenium.remote.server.DefaultSession$1.run(DefaultSession.java:176)
	at java.util.concurrent.ThreadPoolExecutor.runWorker(ThreadPoolExecutor.java:1142)
	at java.util.concurrent.ThreadPoolExecutor$Worker.run(ThreadPoolExecutor.java:617)
	at java.lang.Thread.run(Thread.java:745)
11:45:52.285 WARN - Exception: invalid selector: An invalid or illegal selector was specified
  (Session info: chrome=56.0.2924.87)
  (Driver info: chromedriver=2.27.440175 (9bc1d90b8bfa4dd181fbbf769a5eb5e575574320),platform=Linux 4.4.0-62-generic x86_64) (WARNING: The server did not provide any stacktrace information)
Command duration or timeout: 14 milliseconds
For documentation on this error, please visit: http://seleniumhq.org/exceptions/invalid_selector_exception.html
Build info: version: '2.53.1', revision: 'a36b8b1', time: '2016-06-30 17:37:03'
System info: host: 'codexadmin-Inspiron-3542', ip: '127.0.1.1', os.name: 'Linux', os.arch: 'amd64', os.version: '4.4.0-62-generic', java.version: '1.8.0_121'
Driver info: org.openqa.selenium.chrome.ChromeDriver
Capabilities [{applicationCacheEnabled=false, rotatable=false, mobileEmulationEnabled=false, networkConnectionEnabled=false, chrome={chromedriverVersion=2.27.440175 (9bc1d90b8bfa4dd181fbbf769a5eb5e575574320), userDataDir=/tmp/.org.chromium.Chromium.yTNj7T}, takesHeapSnapshot=true, pageLoadStrategy=normal, databaseEnabled=false, handlesAlerts=true, hasTouchScreen=false, version=56.0.2924.87, platform=LINUX, browserConnectionEnabled=false, nativeEvents=true, acceptSslCerts=true, locationContextEnabled=true, webStorageEnabled=true, browserName=chrome, takesScreenshot=true, javascriptEnabled=true, cssSelectorsEnabled=true, unexpectedAlertBehaviour=}]
Session ID: 552ba9b1a8a16f168e9ddcdc239dd101
*** Element info: {Using=css selector, value=id="warning"}
11:45:52.526 INFO - Executing: [find element: By.cssSelector: input[name=username]])
11:45:52.556 INFO - Done: [find element: By.cssSelector: input[name=username]]
11:45:52.559 INFO - Executing: [get element attribute: 1 [[ChromeDriver: chrome on LINUX (552ba9b1a8a16f168e9ddcdc239dd101)] -> css selector: input[name=username]], value])
11:45:52.569 INFO - Done: [get element attribute: 1 [[ChromeDriver: chrome on LINUX (552ba9b1a8a16f168e9ddcdc239dd101)] -> css selector: input[name=username]], value]
11:45:52.573 INFO - Executing: [find element: By.cssSelector: input[name=password]])
11:45:52.601 INFO - Done: [find element: By.cssSelector: input[name=password]]
11:45:52.604 INFO - Executing: [get element attribute: 2 [[ChromeDriver: chrome on LINUX (552ba9b1a8a16f168e9ddcdc239dd101)] -> css selector: input[name=password]], value])
11:45:52.614 INFO - Done: [get element attribute: 2 [[ChromeDriver: chrome on LINUX (552ba9b1a8a16f168e9ddcdc239dd101)] -> css selector: input[name=password]], value]
11:45:52.618 INFO - Executing: [delete session: bde62b27-6819-4adb-bdb8-ab7262ace175])
11:45:52.687 INFO - Done: [delete session: bde62b27-6819-4adb-bdb8-ab7262ace175]
11:45:52.718 INFO - Executing: [new session: Capabilities [{acceptSslCerts=true, name=Sign Up Test, browserName=chrome, javascriptEnabled=true, platform=ANY}]])
11:45:52.722 INFO - Creating a new session for Capabilities [{acceptSslCerts=true, name=Sign Up Test, browserName=chrome, javascriptEnabled=true, platform=ANY}]
Starting ChromeDriver 2.27.440175 (9bc1d90b8bfa4dd181fbbf769a5eb5e575574320) on port 32745
Only local connections are allowed.
11:45:55.727 INFO - Done: [new session: Capabilities [{acceptSslCerts=true, name=Sign Up Test, browserName=chrome, javascriptEnabled=true, platform=ANY}]]
11:45:55.732 INFO - Executing: [get: http://nelisa123.projectcodex.co/signup])
11:46:01.764 INFO - Done: [get: http://nelisa123.projectcodex.co/signup]
11:46:01.768 INFO - Executing: [get title])
11:46:01.781 INFO - Done: [get title]
11:46:01.787 INFO - Executing: [find elements: By.cssSelector: body])
11:46:01.819 INFO - Done: [find elements: By.cssSelector: body]
11:46:01.822 INFO - Executing: [is displayed: 0 [[ChromeDriver: chrome on LINUX (164cbaa5b3cc9d26d02e582ac42efc48)] -> css selector: body]])
11:46:01.848 INFO - Done: [is displayed: 0 [[ChromeDriver: chrome on LINUX (164cbaa5b3cc9d26d02e582ac42efc48)] -> css selector: body]]
11:46:01.852 INFO - Executing: [find element: By.cssSelector: input[type=text]])
11:46:01.880 INFO - Done: [find element: By.cssSelector: input[type=text]]
11:46:01.882 INFO - Executing: [is displayed: 1 [[ChromeDriver: chrome on LINUX (164cbaa5b3cc9d26d02e582ac42efc48)] -> css selector: input[type=text]]])
11:46:01.913 INFO - Done: [is displayed: 1 [[ChromeDriver: chrome on LINUX (164cbaa5b3cc9d26d02e582ac42efc48)] -> css selector: input[type=text]]]
11:46:01.917 INFO - Executing: [find element: By.cssSelector: input[name=username]])
11:46:01.946 INFO - Done: [find element: By.cssSelector: input[name=username]]
11:46:01.948 INFO - Executing: [is displayed: 1 [[ChromeDriver: chrome on LINUX (164cbaa5b3cc9d26d02e582ac42efc48)] -> css selector: input[type=text]]])
11:46:01.959 INFO - Done: [is displayed: 1 [[ChromeDriver: chrome on LINUX (164cbaa5b3cc9d26d02e582ac42efc48)] -> css selector: input[type=text]]]
11:46:01.965 INFO - Executing: [find element: By.cssSelector: input[name=email]])
11:46:01.993 INFO - Done: [find element: By.cssSelector: input[name=email]]
11:46:01.996 INFO - Executing: [is displayed: 2 [[ChromeDriver: chrome on LINUX (164cbaa5b3cc9d26d02e582ac42efc48)] -> css selector: input[name=email]]])
11:46:02.023 INFO - Done: [is displayed: 2 [[ChromeDriver: chrome on LINUX (164cbaa5b3cc9d26d02e582ac42efc48)] -> css selector: input[name=email]]]
11:46:02.030 INFO - Executing: [find element: By.cssSelector: input[name=password]])
11:46:02.058 INFO - Done: [find element: By.cssSelector: input[name=password]]
11:46:02.062 INFO - Executing: [is displayed: 3 [[ChromeDriver: chrome on LINUX (164cbaa5b3cc9d26d02e582ac42efc48)] -> css selector: input[name=password]]])
11:46:02.089 INFO - Done: [is displayed: 3 [[ChromeDriver: chrome on LINUX (164cbaa5b3cc9d26d02e582ac42efc48)] -> css selector: input[name=password]]]
11:46:02.094 INFO - Executing: [find element: By.cssSelector: input[name=confirmPassword]])
11:46:02.122 INFO - Done: [find element: By.cssSelector: input[name=confirmPassword]]
11:46:02.126 INFO - Executing: [is displayed: 4 [[ChromeDriver: chrome on LINUX (164cbaa5b3cc9d26d02e582ac42efc48)] -> css selector: input[name=confirmPassword]]])
11:46:02.152 INFO - Done: [is displayed: 4 [[ChromeDriver: chrome on LINUX (164cbaa5b3cc9d26d02e582ac42efc48)] -> css selector: input[name=confirmPassword]]]
11:46:02.156 INFO - Executing: [find element: By.cssSelector: button[class="btn btn-default-outline waves-effect glyphicon glyphicon-plus-sign"]])
11:46:02.187 INFO - Done: [find element: By.cssSelector: button[class="btn btn-default-outline waves-effect glyphicon glyphicon-plus-sign"]]
11:46:02.191 INFO - Executing: [is displayed: 5 [[ChromeDriver: chrome on LINUX (164cbaa5b3cc9d26d02e582ac42efc48)] -> css selector: button[class="btn btn-default-outline waves-effect glyphicon glyphicon-plus-sign"]]])
11:46:02.223 INFO - Done: [is displayed: 5 [[ChromeDriver: chrome on LINUX (164cbaa5b3cc9d26d02e582ac42efc48)] -> css selector: button[class="btn btn-default-outline waves-effect glyphicon glyphicon-plus-sign"]]]
11:46:02.227 INFO - Executing: [find element: By.cssSelector: button[class="btn btn-default-outline waves-effect glyphicon glyphicon-plus-sign"]])
11:46:02.237 INFO - Done: [find element: By.cssSelector: button[class="btn btn-default-outline waves-effect glyphicon glyphicon-plus-sign"]]
11:46:02.239 INFO - Executing: [click: 5 [[ChromeDriver: chrome on LINUX (164cbaa5b3cc9d26d02e582ac42efc48)] -> css selector: button[class="btn btn-default-outline waves-effect glyphicon glyphicon-plus-sign"]]])
11:46:04.774 INFO - Done: [click: 5 [[ChromeDriver: chrome on LINUX (164cbaa5b3cc9d26d02e582ac42efc48)] -> css selector: button[class="btn btn-default-outline waves-effect glyphicon glyphicon-plus-sign"]]]
11:46:05.781 INFO - Executing: [delete session: 0e13fb71-95db-4896-9631-289b942185d7])
11:46:05.850 INFO - Done: [delete session: 0e13fb71-95db-4896-9631-289b942185d7]
